<?xml version="1.0" encoding="UTF-8"?>
<testsuite xmlns:xsi="http://www.w3.org/2001/XMLSchema-instance" xsi:noNamespaceSchemaLocation="https://maven.apache.org/surefire/maven-surefire-plugin/xsd/surefire-test-report.xsd" version="3.0.2" name="xjtu.BackEndApplicationTests" time="7.379" tests="5" errors="1" skipped="0" failures="0">
  <properties>
    <property name="java.specification.version" value="17"/>
    <property name="sun.cpu.isalist" value="amd64"/>
    <property name="sun.jnu.encoding" value="GBK"/>
    <property name="java.class.path" value="D:\GraphAlignment-Visualization\BackEnd\target\test-classes;D:\GraphAlignment-Visualization\BackEnd\target\classes;C:\Users\张先生\.m2\repository\org\springframework\boot\spring-boot-starter-web\3.4.1\spring-boot-starter-web-3.4.1.jar;C:\Users\张先生\.m2\repository\org\springframework\boot\spring-boot-starter\3.4.1\spring-boot-starter-3.4.1.jar;C:\Users\张先生\.m2\repository\org\springframework\boot\spring-boot\3.4.1\spring-boot-3.4.1.jar;C:\Users\张先生\.m2\repository\org\springframework\boot\spring-boot-autoconfigure\3.4.1\spring-boot-autoconfigure-3.4.1.jar;C:\Users\张先生\.m2\repository\org\springframework\boot\spring-boot-starter-logging\3.4.1\spring-boot-starter-logging-3.4.1.jar;C:\Users\张先生\.m2\repository\ch\qos\logback\logback-classic\1.5.12\logback-classic-1.5.12.jar;C:\Users\张先生\.m2\repository\ch\qos\logback\logback-core\1.5.12\logback-core-1.5.12.jar;C:\Users\张先生\.m2\repository\org\apache\logging\log4j\log4j-to-slf4j\2.24.3\log4j-to-slf4j-2.24.3.jar;C:\Users\张先生\.m2\repository\org\apache\logging\log4j\log4j-api\2.24.3\log4j-api-2.24.3.jar;C:\Users\张先生\.m2\repository\org\slf4j\jul-to-slf4j\2.0.16\jul-to-slf4j-2.0.16.jar;C:\Users\张先生\.m2\repository\jakarta\annotation\jakarta.annotation-api\2.1.1\jakarta.annotation-api-2.1.1.jar;C:\Users\张先生\.m2\repository\org\yaml\snakeyaml\2.3\snakeyaml-2.3.jar;C:\Users\张先生\.m2\repository\org\springframework\boot\spring-boot-starter-json\3.4.1\spring-boot-starter-json-3.4.1.jar;C:\Users\张先生\.m2\repository\com\fasterxml\jackson\datatype\jackson-datatype-jdk8\2.18.2\jackson-datatype-jdk8-2.18.2.jar;C:\Users\张先生\.m2\repository\com\fasterxml\jackson\datatype\jackson-datatype-jsr310\2.18.2\jackson-datatype-jsr310-2.18.2.jar;C:\Users\张先生\.m2\repository\com\fasterxml\jackson\module\jackson-module-parameter-names\2.18.2\jackson-module-parameter-names-2.18.2.jar;C:\Users\张先生\.m2\repository\org\springframework\boot\spring-boot-starter-tomcat\3.4.1\spring-boot-starter-tomcat-3.4.1.jar;C:\Users\张先生\.m2\repository\org\apache\tomcat\embed\tomcat-embed-core\10.1.34\tomcat-embed-core-10.1.34.jar;C:\Users\张先生\.m2\repository\org\apache\tomcat\embed\tomcat-embed-el\10.1.34\tomcat-embed-el-10.1.34.jar;C:\Users\张先生\.m2\repository\org\apache\tomcat\embed\tomcat-embed-websocket\10.1.34\tomcat-embed-websocket-10.1.34.jar;C:\Users\张先生\.m2\repository\org\springframework\spring-web\6.2.1\spring-web-6.2.1.jar;C:\Users\张先生\.m2\repository\org\springframework\spring-beans\6.2.1\spring-beans-6.2.1.jar;C:\Users\张先生\.m2\repository\io\micrometer\micrometer-observation\1.14.2\micrometer-observation-1.14.2.jar;C:\Users\张先生\.m2\repository\io\micrometer\micrometer-commons\1.14.2\micrometer-commons-1.14.2.jar;C:\Users\张先生\.m2\repository\org\springframework\spring-webmvc\6.2.1\spring-webmvc-6.2.1.jar;C:\Users\张先生\.m2\repository\org\springframework\spring-aop\6.2.1\spring-aop-6.2.1.jar;C:\Users\张先生\.m2\repository\org\springframework\spring-context\6.2.1\spring-context-6.2.1.jar;C:\Users\张先生\.m2\repository\org\springframework\spring-expression\6.2.1\spring-expression-6.2.1.jar;C:\Users\张先生\.m2\repository\org\springframework\boot\spring-boot-starter-test\3.4.1\spring-boot-starter-test-3.4.1.jar;C:\Users\张先生\.m2\repository\org\springframework\boot\spring-boot-test\3.4.1\spring-boot-test-3.4.1.jar;C:\Users\张先生\.m2\repository\org\springframework\boot\spring-boot-test-autoconfigure\3.4.1\spring-boot-test-autoconfigure-3.4.1.jar;C:\Users\张先生\.m2\repository\com\jayway\jsonpath\json-path\2.9.0\json-path-2.9.0.jar;C:\Users\张先生\.m2\repository\org\slf4j\slf4j-api\2.0.16\slf4j-api-2.0.16.jar;C:\Users\张先生\.m2\repository\jakarta\xml\bind\jakarta.xml.bind-api\4.0.2\jakarta.xml.bind-api-4.0.2.jar;C:\Users\张先生\.m2\repository\jakarta\activation\jakarta.activation-api\2.1.3\jakarta.activation-api-2.1.3.jar;C:\Users\张先生\.m2\repository\net\minidev\json-smart\2.5.1\json-smart-2.5.1.jar;C:\Users\张先生\.m2\repository\net\minidev\accessors-smart\2.5.1\accessors-smart-2.5.1.jar;C:\Users\张先生\.m2\repository\org\ow2\asm\asm\9.6\asm-9.6.jar;C:\Users\张先生\.m2\repository\org\assertj\assertj-core\3.26.3\assertj-core-3.26.3.jar;C:\Users\张先生\.m2\repository\net\bytebuddy\byte-buddy\1.15.11\byte-buddy-1.15.11.jar;C:\Users\张先生\.m2\repository\org\awaitility\awaitility\4.2.2\awaitility-4.2.2.jar;C:\Users\张先生\.m2\repository\org\hamcrest\hamcrest\2.2\hamcrest-2.2.jar;C:\Users\张先生\.m2\repository\org\junit\jupiter\junit-jupiter\5.11.4\junit-jupiter-5.11.4.jar;C:\Users\张先生\.m2\repository\org\junit\jupiter\junit-jupiter-api\5.11.4\junit-jupiter-api-5.11.4.jar;C:\Users\张先生\.m2\repository\org\opentest4j\opentest4j\1.3.0\opentest4j-1.3.0.jar;C:\Users\张先生\.m2\repository\org\junit\platform\junit-platform-commons\1.11.4\junit-platform-commons-1.11.4.jar;C:\Users\张先生\.m2\repository\org\junit\jupiter\junit-jupiter-params\5.11.4\junit-jupiter-params-5.11.4.jar;C:\Users\张先生\.m2\repository\org\junit\jupiter\junit-jupiter-engine\5.11.4\junit-jupiter-engine-5.11.4.jar;C:\Users\张先生\.m2\repository\org\junit\platform\junit-platform-engine\1.11.4\junit-platform-engine-1.11.4.jar;C:\Users\张先生\.m2\repository\org\mockito\mockito-core\5.14.2\mockito-core-5.14.2.jar;C:\Users\张先生\.m2\repository\net\bytebuddy\byte-buddy-agent\1.15.11\byte-buddy-agent-1.15.11.jar;C:\Users\张先生\.m2\repository\org\objenesis\objenesis\3.3\objenesis-3.3.jar;C:\Users\张先生\.m2\repository\org\mockito\mockito-junit-jupiter\5.14.2\mockito-junit-jupiter-5.14.2.jar;C:\Users\张先生\.m2\repository\org\skyscreamer\jsonassert\1.5.3\jsonassert-1.5.3.jar;C:\Users\张先生\.m2\repository\com\vaadin\external\google\android-json\0.0.20131108.vaadin1\android-json-0.0.20131108.vaadin1.jar;C:\Users\张先生\.m2\repository\org\springframework\spring-core\6.2.1\spring-core-6.2.1.jar;C:\Users\张先生\.m2\repository\org\springframework\spring-jcl\6.2.1\spring-jcl-6.2.1.jar;C:\Users\张先生\.m2\repository\org\springframework\spring-test\6.2.1\spring-test-6.2.1.jar;C:\Users\张先生\.m2\repository\org\xmlunit\xmlunit-core\2.10.0\xmlunit-core-2.10.0.jar;C:\Users\张先生\.m2\repository\org\mybatis\spring\boot\mybatis-spring-boot-starter\3.0.3\mybatis-spring-boot-starter-3.0.3.jar;C:\Users\张先生\.m2\repository\org\springframework\boot\spring-boot-starter-jdbc\3.4.1\spring-boot-starter-jdbc-3.4.1.jar;C:\Users\张先生\.m2\repository\com\zaxxer\HikariCP\5.1.0\HikariCP-5.1.0.jar;C:\Users\张先生\.m2\repository\org\springframework\spring-jdbc\6.2.1\spring-jdbc-6.2.1.jar;C:\Users\张先生\.m2\repository\org\mybatis\spring\boot\mybatis-spring-boot-autoconfigure\3.0.3\mybatis-spring-boot-autoconfigure-3.0.3.jar;C:\Users\张先生\.m2\repository\org\mybatis\mybatis\3.5.14\mybatis-3.5.14.jar;C:\Users\张先生\.m2\repository\org\mybatis\mybatis-spring\3.0.3\mybatis-spring-3.0.3.jar;C:\Users\张先生\.m2\repository\com\mysql\mysql-connector-j\8.0.33\mysql-connector-j-8.0.33.jar;C:\Users\张先生\.m2\repository\com\alibaba\druid\1.2.23\druid-1.2.23.jar;C:\Users\张先生\.m2\repository\org\projectlombok\lombok\1.18.36\lombok-1.18.36.jar;C:\Users\张先生\.m2\repository\io\jsonwebtoken\jjwt\0.9.1\jjwt-0.9.1.jar;C:\Users\张先生\.m2\repository\com\fasterxml\jackson\core\jackson-databind\2.18.2\jackson-databind-2.18.2.jar;C:\Users\张先生\.m2\repository\com\fasterxml\jackson\core\jackson-annotations\2.18.2\jackson-annotations-2.18.2.jar;C:\Users\张先生\.m2\repository\com\fasterxml\jackson\core\jackson-core\2.18.2\jackson-core-2.18.2.jar;C:\Users\张先生\.m2\repository\com\auth0\java-jwt\4.4.0\java-jwt-4.4.0.jar;C:\Users\张先生\.m2\repository\org\apache\commons\commons-lang3\3.17.0\commons-lang3-3.17.0.jar;C:\Users\张先生\.m2\repository\javax\xml\bind\jaxb-api\2.3.1\jaxb-api-2.3.1.jar;C:\Users\张先生\.m2\repository\javax\activation\javax.activation-api\1.2.0\javax.activation-api-1.2.0.jar;C:\Users\张先生\.m2\repository\cn\hutool\hutool-all\5.8.20\hutool-all-5.8.20.jar;C:\Users\张先生\.m2\repository\io\lettuce\lettuce-core\6.4.1.RELEASE\lettuce-core-6.4.1.RELEASE.jar;C:\Users\张先生\.m2\repository\io\netty\netty-common\4.1.116.Final\netty-common-4.1.116.Final.jar;C:\Users\张先生\.m2\repository\io\netty\netty-handler\4.1.116.Final\netty-handler-4.1.116.Final.jar;C:\Users\张先生\.m2\repository\io\netty\netty-resolver\4.1.116.Final\netty-resolver-4.1.116.Final.jar;C:\Users\张先生\.m2\repository\io\netty\netty-buffer\4.1.116.Final\netty-buffer-4.1.116.Final.jar;C:\Users\张先生\.m2\repository\io\netty\netty-transport-native-unix-common\4.1.116.Final\netty-transport-native-unix-common-4.1.116.Final.jar;C:\Users\张先生\.m2\repository\io\netty\netty-codec\4.1.116.Final\netty-codec-4.1.116.Final.jar;C:\Users\张先生\.m2\repository\io\netty\netty-transport\4.1.116.Final\netty-transport-4.1.116.Final.jar;C:\Users\张先生\.m2\repository\io\projectreactor\reactor-core\3.7.1\reactor-core-3.7.1.jar;C:\Users\张先生\.m2\repository\org\reactivestreams\reactive-streams\1.0.4\reactive-streams-1.0.4.jar;C:\Users\张先生\.m2\repository\org\springframework\boot\spring-boot-starter-data-redis\3.4.1\spring-boot-starter-data-redis-3.4.1.jar;C:\Users\张先生\.m2\repository\org\springframework\data\spring-data-redis\3.4.1\spring-data-redis-3.4.1.jar;C:\Users\张先生\.m2\repository\org\springframework\data\spring-data-keyvalue\3.4.1\spring-data-keyvalue-3.4.1.jar;C:\Users\张先生\.m2\repository\org\springframework\spring-tx\6.2.1\spring-tx-6.2.1.jar;C:\Users\张先生\.m2\repository\org\springframework\spring-oxm\6.2.1\spring-oxm-6.2.1.jar;C:\Users\张先生\.m2\repository\org\springframework\boot\spring-boot-starter-mail\3.4.1\spring-boot-starter-mail-3.4.1.jar;C:\Users\张先生\.m2\repository\org\springframework\spring-context-support\6.2.1\spring-context-support-6.2.1.jar;C:\Users\张先生\.m2\repository\org\eclipse\angus\jakarta.mail\2.0.3\jakarta.mail-2.0.3.jar;C:\Users\张先生\.m2\repository\org\eclipse\angus\angus-activation\2.0.2\angus-activation-2.0.2.jar;C:\Users\张先生\.m2\repository\com\sun\mail\javax.mail\1.6.2\javax.mail-1.6.2.jar;C:\Users\张先生\.m2\repository\javax\activation\activation\1.1\activation-1.1.jar;C:\Users\张先生\.m2\repository\org\springframework\boot\spring-boot-starter-amqp\3.4.1\spring-boot-starter-amqp-3.4.1.jar;C:\Users\张先生\.m2\repository\org\springframework\spring-messaging\6.2.1\spring-messaging-6.2.1.jar;C:\Users\张先生\.m2\repository\org\springframework\amqp\spring-rabbit\3.2.1\spring-rabbit-3.2.1.jar;C:\Users\张先生\.m2\repository\org\springframework\amqp\spring-amqp\3.2.1\spring-amqp-3.2.1.jar;C:\Users\张先生\.m2\repository\org\springframework\retry\spring-retry\2.0.11\spring-retry-2.0.11.jar;C:\Users\张先生\.m2\repository\com\rabbitmq\amqp-client\5.22.0\amqp-client-5.22.0.jar;C:\Users\张先生\.m2\repository\com\alibaba\fastjson\1.2.73\fastjson-1.2.73.jar;C:\Users\张先生\.m2\repository\javax\servlet\javax.servlet-api\3.1.0\javax.servlet-api-3.1.0.jar;C:\Users\张先生\.m2\repository\org\springframework\boot\spring-boot-starter-data-neo4j\3.4.1\spring-boot-starter-data-neo4j-3.4.1.jar;C:\Users\张先生\.m2\repository\org\springframework\data\spring-data-neo4j\7.4.1\spring-data-neo4j-7.4.1.jar;C:\Users\张先生\.m2\repository\jakarta\transaction\jakarta.transaction-api\2.0.1\jakarta.transaction-api-2.0.1.jar;C:\Users\张先生\.m2\repository\org\apiguardian\apiguardian-api\1.1.1\apiguardian-api-1.1.1.jar;C:\Users\张先生\.m2\repository\org\neo4j\neo4j-cypher-dsl\2024.2.0\neo4j-cypher-dsl-2024.2.0.jar;C:\Users\张先生\.m2\repository\org\neo4j\neo4j-cypher-dsl-schema-name-support\2024.2.0\neo4j-cypher-dsl-schema-name-support-2024.2.0.jar;C:\Users\张先生\.m2\repository\org\neo4j\driver\neo4j-java-driver\5.25.0\neo4j-java-driver-5.25.0.jar;C:\Users\张先生\.m2\repository\io\netty\netty-tcnative-classes\2.0.69.Final\netty-tcnative-classes-2.0.69.Final.jar;C:\Users\张先生\.m2\repository\org\springframework\data\spring-data-commons\3.4.1\spring-data-commons-3.4.1.jar;"/>
    <property name="java.vm.vendor" value="Oracle Corporation"/>
    <property name="sun.arch.data.model" value="64"/>
    <property name="user.variant" value=""/>
    <property name="java.vendor.url" value="https://java.oracle.com/"/>
    <property name="user.timezone" value="Asia/Shanghai"/>
    <property name="os.name" value="Windows 11"/>
    <property name="java.vm.specification.version" value="17"/>
    <property name="user.country" value="CN"/>
    <property name="sun.java.launcher" value="SUN_STANDARD"/>
    <property name="sun.boot.library.path" value="C:\Program Files\Java\jdk-17\bin"/>
    <property name="sun.java.command" value="C:\Users\张先生\AppData\Local\Temp\surefire14476282848981314057\surefirebooter-20250520134940436_3.jar C:\Users\张先生\AppData\Local\Temp\surefire14476282848981314057 2025-05-20T13-49-39_292-jvmRun1 surefire-20250520134940436_1tmp surefire_0-20250520134940436_2tmp"/>
    <property name="jdk.debug" value="release"/>
    <property name="surefire.test.class.path" value="D:\GraphAlignment-Visualization\BackEnd\target\test-classes;D:\GraphAlignment-Visualization\BackEnd\target\classes;C:\Users\张先生\.m2\repository\org\springframework\boot\spring-boot-starter-web\3.4.1\spring-boot-starter-web-3.4.1.jar;C:\Users\张先生\.m2\repository\org\springframework\boot\spring-boot-starter\3.4.1\spring-boot-starter-3.4.1.jar;C:\Users\张先生\.m2\repository\org\springframework\boot\spring-boot\3.4.1\spring-boot-3.4.1.jar;C:\Users\张先生\.m2\repository\org\springframework\boot\spring-boot-autoconfigure\3.4.1\spring-boot-autoconfigure-3.4.1.jar;C:\Users\张先生\.m2\repository\org\springframework\boot\spring-boot-starter-logging\3.4.1\spring-boot-starter-logging-3.4.1.jar;C:\Users\张先生\.m2\repository\ch\qos\logback\logback-classic\1.5.12\logback-classic-1.5.12.jar;C:\Users\张先生\.m2\repository\ch\qos\logback\logback-core\1.5.12\logback-core-1.5.12.jar;C:\Users\张先生\.m2\repository\org\apache\logging\log4j\log4j-to-slf4j\2.24.3\log4j-to-slf4j-2.24.3.jar;C:\Users\张先生\.m2\repository\org\apache\logging\log4j\log4j-api\2.24.3\log4j-api-2.24.3.jar;C:\Users\张先生\.m2\repository\org\slf4j\jul-to-slf4j\2.0.16\jul-to-slf4j-2.0.16.jar;C:\Users\张先生\.m2\repository\jakarta\annotation\jakarta.annotation-api\2.1.1\jakarta.annotation-api-2.1.1.jar;C:\Users\张先生\.m2\repository\org\yaml\snakeyaml\2.3\snakeyaml-2.3.jar;C:\Users\张先生\.m2\repository\org\springframework\boot\spring-boot-starter-json\3.4.1\spring-boot-starter-json-3.4.1.jar;C:\Users\张先生\.m2\repository\com\fasterxml\jackson\datatype\jackson-datatype-jdk8\2.18.2\jackson-datatype-jdk8-2.18.2.jar;C:\Users\张先生\.m2\repository\com\fasterxml\jackson\datatype\jackson-datatype-jsr310\2.18.2\jackson-datatype-jsr310-2.18.2.jar;C:\Users\张先生\.m2\repository\com\fasterxml\jackson\module\jackson-module-parameter-names\2.18.2\jackson-module-parameter-names-2.18.2.jar;C:\Users\张先生\.m2\repository\org\springframework\boot\spring-boot-starter-tomcat\3.4.1\spring-boot-starter-tomcat-3.4.1.jar;C:\Users\张先生\.m2\repository\org\apache\tomcat\embed\tomcat-embed-core\10.1.34\tomcat-embed-core-10.1.34.jar;C:\Users\张先生\.m2\repository\org\apache\tomcat\embed\tomcat-embed-el\10.1.34\tomcat-embed-el-10.1.34.jar;C:\Users\张先生\.m2\repository\org\apache\tomcat\embed\tomcat-embed-websocket\10.1.34\tomcat-embed-websocket-10.1.34.jar;C:\Users\张先生\.m2\repository\org\springframework\spring-web\6.2.1\spring-web-6.2.1.jar;C:\Users\张先生\.m2\repository\org\springframework\spring-beans\6.2.1\spring-beans-6.2.1.jar;C:\Users\张先生\.m2\repository\io\micrometer\micrometer-observation\1.14.2\micrometer-observation-1.14.2.jar;C:\Users\张先生\.m2\repository\io\micrometer\micrometer-commons\1.14.2\micrometer-commons-1.14.2.jar;C:\Users\张先生\.m2\repository\org\springframework\spring-webmvc\6.2.1\spring-webmvc-6.2.1.jar;C:\Users\张先生\.m2\repository\org\springframework\spring-aop\6.2.1\spring-aop-6.2.1.jar;C:\Users\张先生\.m2\repository\org\springframework\spring-context\6.2.1\spring-context-6.2.1.jar;C:\Users\张先生\.m2\repository\org\springframework\spring-expression\6.2.1\spring-expression-6.2.1.jar;C:\Users\张先生\.m2\repository\org\springframework\boot\spring-boot-starter-test\3.4.1\spring-boot-starter-test-3.4.1.jar;C:\Users\张先生\.m2\repository\org\springframework\boot\spring-boot-test\3.4.1\spring-boot-test-3.4.1.jar;C:\Users\张先生\.m2\repository\org\springframework\boot\spring-boot-test-autoconfigure\3.4.1\spring-boot-test-autoconfigure-3.4.1.jar;C:\Users\张先生\.m2\repository\com\jayway\jsonpath\json-path\2.9.0\json-path-2.9.0.jar;C:\Users\张先生\.m2\repository\org\slf4j\slf4j-api\2.0.16\slf4j-api-2.0.16.jar;C:\Users\张先生\.m2\repository\jakarta\xml\bind\jakarta.xml.bind-api\4.0.2\jakarta.xml.bind-api-4.0.2.jar;C:\Users\张先生\.m2\repository\jakarta\activation\jakarta.activation-api\2.1.3\jakarta.activation-api-2.1.3.jar;C:\Users\张先生\.m2\repository\net\minidev\json-smart\2.5.1\json-smart-2.5.1.jar;C:\Users\张先生\.m2\repository\net\minidev\accessors-smart\2.5.1\accessors-smart-2.5.1.jar;C:\Users\张先生\.m2\repository\org\ow2\asm\asm\9.6\asm-9.6.jar;C:\Users\张先生\.m2\repository\org\assertj\assertj-core\3.26.3\assertj-core-3.26.3.jar;C:\Users\张先生\.m2\repository\net\bytebuddy\byte-buddy\1.15.11\byte-buddy-1.15.11.jar;C:\Users\张先生\.m2\repository\org\awaitility\awaitility\4.2.2\awaitility-4.2.2.jar;C:\Users\张先生\.m2\repository\org\hamcrest\hamcrest\2.2\hamcrest-2.2.jar;C:\Users\张先生\.m2\repository\org\junit\jupiter\junit-jupiter\5.11.4\junit-jupiter-5.11.4.jar;C:\Users\张先生\.m2\repository\org\junit\jupiter\junit-jupiter-api\5.11.4\junit-jupiter-api-5.11.4.jar;C:\Users\张先生\.m2\repository\org\opentest4j\opentest4j\1.3.0\opentest4j-1.3.0.jar;C:\Users\张先生\.m2\repository\org\junit\platform\junit-platform-commons\1.11.4\junit-platform-commons-1.11.4.jar;C:\Users\张先生\.m2\repository\org\junit\jupiter\junit-jupiter-params\5.11.4\junit-jupiter-params-5.11.4.jar;C:\Users\张先生\.m2\repository\org\junit\jupiter\junit-jupiter-engine\5.11.4\junit-jupiter-engine-5.11.4.jar;C:\Users\张先生\.m2\repository\org\junit\platform\junit-platform-engine\1.11.4\junit-platform-engine-1.11.4.jar;C:\Users\张先生\.m2\repository\org\mockito\mockito-core\5.14.2\mockito-core-5.14.2.jar;C:\Users\张先生\.m2\repository\net\bytebuddy\byte-buddy-agent\1.15.11\byte-buddy-agent-1.15.11.jar;C:\Users\张先生\.m2\repository\org\objenesis\objenesis\3.3\objenesis-3.3.jar;C:\Users\张先生\.m2\repository\org\mockito\mockito-junit-jupiter\5.14.2\mockito-junit-jupiter-5.14.2.jar;C:\Users\张先生\.m2\repository\org\skyscreamer\jsonassert\1.5.3\jsonassert-1.5.3.jar;C:\Users\张先生\.m2\repository\com\vaadin\external\google\android-json\0.0.20131108.vaadin1\android-json-0.0.20131108.vaadin1.jar;C:\Users\张先生\.m2\repository\org\springframework\spring-core\6.2.1\spring-core-6.2.1.jar;C:\Users\张先生\.m2\repository\org\springframework\spring-jcl\6.2.1\spring-jcl-6.2.1.jar;C:\Users\张先生\.m2\repository\org\springframework\spring-test\6.2.1\spring-test-6.2.1.jar;C:\Users\张先生\.m2\repository\org\xmlunit\xmlunit-core\2.10.0\xmlunit-core-2.10.0.jar;C:\Users\张先生\.m2\repository\org\mybatis\spring\boot\mybatis-spring-boot-starter\3.0.3\mybatis-spring-boot-starter-3.0.3.jar;C:\Users\张先生\.m2\repository\org\springframework\boot\spring-boot-starter-jdbc\3.4.1\spring-boot-starter-jdbc-3.4.1.jar;C:\Users\张先生\.m2\repository\com\zaxxer\HikariCP\5.1.0\HikariCP-5.1.0.jar;C:\Users\张先生\.m2\repository\org\springframework\spring-jdbc\6.2.1\spring-jdbc-6.2.1.jar;C:\Users\张先生\.m2\repository\org\mybatis\spring\boot\mybatis-spring-boot-autoconfigure\3.0.3\mybatis-spring-boot-autoconfigure-3.0.3.jar;C:\Users\张先生\.m2\repository\org\mybatis\mybatis\3.5.14\mybatis-3.5.14.jar;C:\Users\张先生\.m2\repository\org\mybatis\mybatis-spring\3.0.3\mybatis-spring-3.0.3.jar;C:\Users\张先生\.m2\repository\com\mysql\mysql-connector-j\8.0.33\mysql-connector-j-8.0.33.jar;C:\Users\张先生\.m2\repository\com\alibaba\druid\1.2.23\druid-1.2.23.jar;C:\Users\张先生\.m2\repository\org\projectlombok\lombok\1.18.36\lombok-1.18.36.jar;C:\Users\张先生\.m2\repository\io\jsonwebtoken\jjwt\0.9.1\jjwt-0.9.1.jar;C:\Users\张先生\.m2\repository\com\fasterxml\jackson\core\jackson-databind\2.18.2\jackson-databind-2.18.2.jar;C:\Users\张先生\.m2\repository\com\fasterxml\jackson\core\jackson-annotations\2.18.2\jackson-annotations-2.18.2.jar;C:\Users\张先生\.m2\repository\com\fasterxml\jackson\core\jackson-core\2.18.2\jackson-core-2.18.2.jar;C:\Users\张先生\.m2\repository\com\auth0\java-jwt\4.4.0\java-jwt-4.4.0.jar;C:\Users\张先生\.m2\repository\org\apache\commons\commons-lang3\3.17.0\commons-lang3-3.17.0.jar;C:\Users\张先生\.m2\repository\javax\xml\bind\jaxb-api\2.3.1\jaxb-api-2.3.1.jar;C:\Users\张先生\.m2\repository\javax\activation\javax.activation-api\1.2.0\javax.activation-api-1.2.0.jar;C:\Users\张先生\.m2\repository\cn\hutool\hutool-all\5.8.20\hutool-all-5.8.20.jar;C:\Users\张先生\.m2\repository\io\lettuce\lettuce-core\6.4.1.RELEASE\lettuce-core-6.4.1.RELEASE.jar;C:\Users\张先生\.m2\repository\io\netty\netty-common\4.1.116.Final\netty-common-4.1.116.Final.jar;C:\Users\张先生\.m2\repository\io\netty\netty-handler\4.1.116.Final\netty-handler-4.1.116.Final.jar;C:\Users\张先生\.m2\repository\io\netty\netty-resolver\4.1.116.Final\netty-resolver-4.1.116.Final.jar;C:\Users\张先生\.m2\repository\io\netty\netty-buffer\4.1.116.Final\netty-buffer-4.1.116.Final.jar;C:\Users\张先生\.m2\repository\io\netty\netty-transport-native-unix-common\4.1.116.Final\netty-transport-native-unix-common-4.1.116.Final.jar;C:\Users\张先生\.m2\repository\io\netty\netty-codec\4.1.116.Final\netty-codec-4.1.116.Final.jar;C:\Users\张先生\.m2\repository\io\netty\netty-transport\4.1.116.Final\netty-transport-4.1.116.Final.jar;C:\Users\张先生\.m2\repository\io\projectreactor\reactor-core\3.7.1\reactor-core-3.7.1.jar;C:\Users\张先生\.m2\repository\org\reactivestreams\reactive-streams\1.0.4\reactive-streams-1.0.4.jar;C:\Users\张先生\.m2\repository\org\springframework\boot\spring-boot-starter-data-redis\3.4.1\spring-boot-starter-data-redis-3.4.1.jar;C:\Users\张先生\.m2\repository\org\springframework\data\spring-data-redis\3.4.1\spring-data-redis-3.4.1.jar;C:\Users\张先生\.m2\repository\org\springframework\data\spring-data-keyvalue\3.4.1\spring-data-keyvalue-3.4.1.jar;C:\Users\张先生\.m2\repository\org\springframework\spring-tx\6.2.1\spring-tx-6.2.1.jar;C:\Users\张先生\.m2\repository\org\springframework\spring-oxm\6.2.1\spring-oxm-6.2.1.jar;C:\Users\张先生\.m2\repository\org\springframework\boot\spring-boot-starter-mail\3.4.1\spring-boot-starter-mail-3.4.1.jar;C:\Users\张先生\.m2\repository\org\springframework\spring-context-support\6.2.1\spring-context-support-6.2.1.jar;C:\Users\张先生\.m2\repository\org\eclipse\angus\jakarta.mail\2.0.3\jakarta.mail-2.0.3.jar;C:\Users\张先生\.m2\repository\org\eclipse\angus\angus-activation\2.0.2\angus-activation-2.0.2.jar;C:\Users\张先生\.m2\repository\com\sun\mail\javax.mail\1.6.2\javax.mail-1.6.2.jar;C:\Users\张先生\.m2\repository\javax\activation\activation\1.1\activation-1.1.jar;C:\Users\张先生\.m2\repository\org\springframework\boot\spring-boot-starter-amqp\3.4.1\spring-boot-starter-amqp-3.4.1.jar;C:\Users\张先生\.m2\repository\org\springframework\spring-messaging\6.2.1\spring-messaging-6.2.1.jar;C:\Users\张先生\.m2\repository\org\springframework\amqp\spring-rabbit\3.2.1\spring-rabbit-3.2.1.jar;C:\Users\张先生\.m2\repository\org\springframework\amqp\spring-amqp\3.2.1\spring-amqp-3.2.1.jar;C:\Users\张先生\.m2\repository\org\springframework\retry\spring-retry\2.0.11\spring-retry-2.0.11.jar;C:\Users\张先生\.m2\repository\com\rabbitmq\amqp-client\5.22.0\amqp-client-5.22.0.jar;C:\Users\张先生\.m2\repository\com\alibaba\fastjson\1.2.73\fastjson-1.2.73.jar;C:\Users\张先生\.m2\repository\javax\servlet\javax.servlet-api\3.1.0\javax.servlet-api-3.1.0.jar;C:\Users\张先生\.m2\repository\org\springframework\boot\spring-boot-starter-data-neo4j\3.4.1\spring-boot-starter-data-neo4j-3.4.1.jar;C:\Users\张先生\.m2\repository\org\springframework\data\spring-data-neo4j\7.4.1\spring-data-neo4j-7.4.1.jar;C:\Users\张先生\.m2\repository\jakarta\transaction\jakarta.transaction-api\2.0.1\jakarta.transaction-api-2.0.1.jar;C:\Users\张先生\.m2\repository\org\apiguardian\apiguardian-api\1.1.1\apiguardian-api-1.1.1.jar;C:\Users\张先生\.m2\repository\org\neo4j\neo4j-cypher-dsl\2024.2.0\neo4j-cypher-dsl-2024.2.0.jar;C:\Users\张先生\.m2\repository\org\neo4j\neo4j-cypher-dsl-schema-name-support\2024.2.0\neo4j-cypher-dsl-schema-name-support-2024.2.0.jar;C:\Users\张先生\.m2\repository\org\neo4j\driver\neo4j-java-driver\5.25.0\neo4j-java-driver-5.25.0.jar;C:\Users\张先生\.m2\repository\io\netty\netty-tcnative-classes\2.0.69.Final\netty-tcnative-classes-2.0.69.Final.jar;C:\Users\张先生\.m2\repository\org\springframework\data\spring-data-commons\3.4.1\spring-data-commons-3.4.1.jar;"/>
    <property name="sun.cpu.endian" value="little"/>
    <property name="user.home" value="C:\Users\张先生"/>
    <property name="user.language" value="zh"/>
    <property name="java.specification.vendor" value="Oracle Corporation"/>
    <property name="java.version.date" value="2024-07-16"/>
    <property name="java.home" value="C:\Program Files\Java\jdk-17"/>
    <property name="file.separator" value="\"/>
    <property name="basedir" value="D:\GraphAlignment-Visualization\BackEnd"/>
    <property name="java.vm.compressedOopsMode" value="Zero based"/>
    <property name="line.separator" value="&#10;"/>
    <property name="java.vm.specification.vendor" value="Oracle Corporation"/>
    <property name="java.specification.name" value="Java Platform API Specification"/>
    <property name="FILE_LOG_CHARSET" value="GBK"/>
    <property name="java.awt.headless" value="true"/>
    <property name="surefire.real.class.path" value="C:\Users\张先生\AppData\Local\Temp\surefire14476282848981314057\surefirebooter-20250520134940436_3.jar"/>
    <property name="user.script" value=""/>
    <property name="sun.management.compiler" value="HotSpot 64-Bit Tiered Compilers"/>
    <property name="java.runtime.version" value="17.0.12+8-LTS-286"/>
    <property name="user.name" value="张先生"/>
    <property name="path.separator" value=";"/>
    <property name="os.version" value="10.0"/>
    <property name="java.runtime.name" value="Java(TM) SE Runtime Environment"/>
    <property name="file.encoding" value="GBK"/>
    <property name="java.vm.name" value="Java HotSpot(TM) 64-Bit Server VM"/>
    <property name="LOG_FILE" value="log/backend.log"/>
    <property name="localRepository" value="C:\Users\张先生\.m2\repository"/>
    <property name="java.vendor.url.bug" value="https://bugreport.java.com/bugreport/"/>
    <property name="java.io.tmpdir" value="C:\Users\张先生\AppData\Local\Temp\"/>
    <property name="idea.version" value="2024.3.1.1"/>
    <property name="com.zaxxer.hikari.pool_number" value="1"/>
    <property name="java.version" value="17.0.12"/>
    <property name="user.dir" value="D:\GraphAlignment-Visualization\BackEnd"/>
    <property name="os.arch" value="amd64"/>
    <property name="java.vm.specification.name" value="Java Virtual Machine Specification"/>
    <property name="PID" value="16676"/>
    <property name="sun.os.patch.level" value=""/>
    <property name="CONSOLE_LOG_CHARSET" value="GBK"/>
    <property name="native.encoding" value="GBK"/>
    <property name="java.library.path" value="C:\Program Files\Java\jdk-17\bin;C:\Windows\Sun\Java\bin;C:\Windows\system32;C:\Windows;D:\Dev\Anaconda\condabin;C:\Program Files\Docker\Docker\resources\bin;C:\Python313\Scripts\;C:\Python313\;C:\Program Files\Common Files\Oracle\Java\javapath;C:\Windows\system32;C:\Windows;C:\Windows\System32\Wbem;C:\Windows\System32\WindowsPowerShell\v1.0\;C:\Windows\System32\OpenSSH\;C:\Program Files (x86)\NVIDIA Corporation\PhysX\Common;C:\Program Files\Git\cmd;D:\Dev\Anaconda;D:\Dev\Anaconda\Library;D:\Dev\Anaconda\Scripts;C:\Program Files\MySQL\MySQL Server 8.0\bin;D:\Dev\Nodejs\;C:\ProgramData\chocolatey\bin;D:\Dev\ErLang\Erlang OTP\bin;D:\Dev\RabbitMQ\rabbitmq_server-4.0.5\sbin;D:\Dev\Neo4j\bin;D:\Dev\apache-maven-3.9.9\bin;C:\Users\张先生\AppData\Local\Programs\Python\Python38\Scripts\;C:\Users\张先生\AppData\Local\Programs\Python\Python38\;C:\Users\张先生\AppData\Local\Microsoft\WindowsApps;D:\Microsoft VS Code\bin;D:\Dev\IDEA\IntelliJ IDEA 2024.3.1.1\bin;;D:\Dev\PyCharm\PyCharm 2024.3.1.1\bin;;C:\Users\张先生\AppData\Roaming\npm;C:\Users\张先生\AppData\Local\Programs\cursor\resources\app\bin;D:\Dev\mingw64\bin;D:\Redis;;."/>
    <property name="java.vm.info" value="mixed mode, sharing"/>
    <property name="java.vendor" value="Oracle Corporation"/>
    <property name="java.vm.version" value="17.0.12+8-LTS-286"/>
    <property name="sun.io.unicode.encoding" value="UnicodeLittle"/>
    <property name="java.class.version" value="61.0"/>
  </properties>
  <testcase name="testToken" classname="xjtu.BackEndApplicationTests" time="0.896">
    <error message="JWT expired at 2025-05-10T22:17:24Z. Current time: 2025-05-20T13:49:48Z, a difference of 833544045 milliseconds.  Allowed clock skew: 0 milliseconds." type="io.jsonwebtoken.ExpiredJwtException"><![CDATA[io.jsonwebtoken.ExpiredJwtException: JWT expired at 2025-05-10T22:17:24Z. Current time: 2025-05-20T13:49:48Z, a difference of 833544045 milliseconds.  Allowed clock skew: 0 milliseconds.
	at io.jsonwebtoken.impl.DefaultJwtParser.parse(DefaultJwtParser.java:385)
	at io.jsonwebtoken.impl.DefaultJwtParser.parse(DefaultJwtParser.java:481)
	at io.jsonwebtoken.impl.DefaultJwtParser.parseClaimsJws(DefaultJwtParser.java:541)
	at xjtu.pojo.utils.TokenUtil.parserToken(TokenUtil.java:31)
	at xjtu.BackEndApplicationTests.testToken(BackEndApplicationTests.java:22)
	at java.base/java.lang.reflect.Method.invoke(Method.java:568)
	at java.base/java.util.ArrayList.forEach(ArrayList.java:1511)
	at java.base/java.util.ArrayList.forEach(ArrayList.java:1511)
]]></error>
    <system-out><![CDATA[13:49:41.210 [main] INFO org.springframework.test.context.support.AnnotationConfigContextLoaderUtils -- Could not detect default configuration classes for test class [xjtu.BackEndApplicationTests]: BackEndApplicationTests does not declare any static, non-private, non-final, nested classes annotated with @Configuration.
13:49:41.307 [main] INFO org.springframework.boot.test.context.SpringBootTestContextBootstrapper -- Found @SpringBootConfiguration xjtu.BackEndApplication for test class xjtu.BackEndApplicationTests

  .   ____          _            __ _ _
 /\\ / ___'_ __ _ _(_)_ __  __ _ \ \ \ \
( ( )\___ | '_ | '_| | '_ \/ _` | \ \ \ \
 \\/  ___)| |_)| | | | | || (_| |  ) ) ) )
  '  |____| .__|_| |_|_| |_\__, | / / / /
 =========|_|==============|___/=/_/_/_/

 :: Spring Boot ::                (v3.4.1)

2025-05-20T13:49:41.866+08:00  INFO 16676 --- [           main] xjtu.BackEndApplicationTests             : Starting BackEndApplicationTests using Java 17.0.12 with PID 16676 (started by 张先生 in D:\GraphAlignment-Visualization\BackEnd)
2025-05-20T13:49:41.870+08:00 DEBUG 16676 --- [           main] xjtu.BackEndApplicationTests             : Running with Spring Boot v3.4.1, Spring v6.2.1
2025-05-20T13:49:41.871+08:00  INFO 16676 --- [           main] xjtu.BackEndApplicationTests             : No active profile set, falling back to 1 default profile: "default"
2025-05-20T13:49:42.985+08:00  INFO 16676 --- [           main] .s.d.r.c.RepositoryConfigurationDelegate : Multiple Spring Data modules found, entering strict repository configuration mode
2025-05-20T13:49:42.987+08:00  INFO 16676 --- [           main] .s.d.r.c.RepositoryConfigurationDelegate : Bootstrapping Spring Data Neo4j repositories in DEFAULT mode.
2025-05-20T13:49:43.021+08:00  INFO 16676 --- [           main] .s.d.r.c.RepositoryConfigurationDelegate : Finished Spring Data repository scanning in 17 ms. Found 0 Neo4j repository interfaces.
2025-05-20T13:49:43.027+08:00  INFO 16676 --- [           main] .s.d.r.c.RepositoryConfigurationDelegate : Multiple Spring Data modules found, entering strict repository configuration mode
2025-05-20T13:49:43.028+08:00  INFO 16676 --- [           main] .s.d.r.c.RepositoryConfigurationDelegate : Bootstrapping Spring Data Neo4j repositories in DEFAULT mode.
2025-05-20T13:49:43.035+08:00  INFO 16676 --- [           main] .s.d.r.c.RepositoryConfigurationDelegate : Finished Spring Data repository scanning in 4 ms. Found 0 Neo4j repository interfaces.
2025-05-20T13:49:43.056+08:00  INFO 16676 --- [           main] .s.d.r.c.RepositoryConfigurationDelegate : Multiple Spring Data modules found, entering strict repository configuration mode
2025-05-20T13:49:43.058+08:00  INFO 16676 --- [           main] .s.d.r.c.RepositoryConfigurationDelegate : Bootstrapping Spring Data Redis repositories in DEFAULT mode.
2025-05-20T13:49:43.074+08:00  INFO 16676 --- [           main] .s.d.r.c.RepositoryConfigurationDelegate : Finished Spring Data repository scanning in 5 ms. Found 0 Redis repository interfaces.
2025-05-20T13:49:46.526+08:00  INFO 16676 --- [           main] o.neo4j.driver.internal.DriverFactory    : Direct driver instance 888540137 created for server address localhost:7687
2025-05-20T13:49:47.111+08:00  INFO 16676 --- [           main] xjtu.BackEndApplicationTests             : Started BackEndApplicationTests in 5.64 seconds (process running for 6.539)
]]></system-out>
  </testcase>
  <testcase name="testUserService" classname="xjtu.BackEndApplicationTests" time="0.347">
    <system-out><![CDATA[2025-05-20T13:49:48.089+08:00  INFO 16676 --- [           main] com.zaxxer.hikari.HikariDataSource       : HikariPool-1 - Starting...
2025-05-20T13:49:48.342+08:00  INFO 16676 --- [           main] com.zaxxer.hikari.pool.HikariPool        : HikariPool-1 - Added connection com.mysql.cj.jdbc.ConnectionImpl@514c6ca0
2025-05-20T13:49:48.345+08:00  INFO 16676 --- [           main] com.zaxxer.hikari.HikariDataSource       : HikariPool-1 - Start completed.
2025-05-20T13:49:48.350+08:00 DEBUG 16676 --- [           main] xjtu.dao.ExperimentDao.listExperiment    : ==>  Preparing: select * from experiment;
2025-05-20T13:49:48.372+08:00 DEBUG 16676 --- [           main] xjtu.dao.ExperimentDao.listExperiment    : ==> Parameters: 
2025-05-20T13:49:48.398+08:00 DEBUG 16676 --- [           main] xjtu.dao.ExperimentDao.listExperiment    : <==      Total: 29
[Experiment(id=1, user_account=admin, outcome_id=7, date=2025-05-10T10:28:35), Experiment(id=2, user_account=admin, outcome_id=8, date=2025-05-30T10:28:51), Experiment(id=6, user_account=zmjkk, outcome_id=51, date=2025-05-10T13:16:36), Experiment(id=7, user_account=zmjkk, outcome_id=52, date=2025-05-10T13:18:24), Experiment(id=8, user_account=zmjkk, outcome_id=53, date=2025-05-10T13:22:55), Experiment(id=9, user_account=zmjkk, outcome_id=54, date=2025-05-10T13:24:56), Experiment(id=10, user_account=zmjkk, outcome_id=55, date=2025-05-10T13:27:16), Experiment(id=11, user_account=zmjkk, outcome_id=56, date=2025-05-10T13:28:33), Experiment(id=12, user_account=zmjkk, outcome_id=57, date=2025-05-10T13:30:06), Experiment(id=13, user_account=zmjkk, outcome_id=58, date=2025-05-10T13:41:16), Experiment(id=14, user_account=zmjkk, outcome_id=59, date=2025-05-10T13:42:59), Experiment(id=15, user_account=zmjkk, outcome_id=60, date=2025-05-14T11:49:21), Experiment(id=16, user_account=zmjkk, outcome_id=61, date=2025-05-14T13:25:49), Experiment(id=17, user_account=zmjkk, outcome_id=62, date=2025-05-14T13:28:10), Experiment(id=18, user_account=zmjkk, outcome_id=63, date=2025-05-14T13:28:42), Experiment(id=19, user_account=zmjkk, outcome_id=64, date=2025-05-14T13:29:16), Experiment(id=20, user_account=zmjkk, outcome_id=65, date=2025-05-14T13:31:47), Experiment(id=21, user_account=zmjkk, outcome_id=66, date=2025-05-14T13:34:48), Experiment(id=22, user_account=zmjkk, outcome_id=67, date=2025-05-14T13:36:41), Experiment(id=23, user_account=admin, outcome_id=68, date=2025-05-14T16:22:41), Experiment(id=24, user_account=admin, outcome_id=69, date=2025-05-14T16:24:41), Experiment(id=25, user_account=admin, outcome_id=70, date=2025-05-14T16:25:35), Experiment(id=26, user_account=admin, outcome_id=71, date=2025-05-14T16:26:34), Experiment(id=27, user_account=admin, outcome_id=72, date=2025-05-14T16:29:46), Experiment(id=28, user_account=admin, outcome_id=73, date=2025-05-14T16:31:21), Experiment(id=29, user_account=admin, outcome_id=74, date=2025-05-14T16:32:57), Experiment(id=30, user_account=zmjkk, outcome_id=75, date=2025-05-16T13:38:49), Experiment(id=31, user_account=admin, outcome_id=76, date=2025-05-18T11:52:18), Experiment(id=32, user_account=admin, outcome_id=77, date=2025-05-20T12:59:06)]
]]></system-out>
  </testcase>
  <testcase name="contextLoads" classname="xjtu.BackEndApplicationTests" time="0.007"/>
  <testcase name="testDelete" classname="xjtu.BackEndApplicationTests" time="0.022">
    <system-out><![CDATA[2025-05-20T13:49:48.422+08:00 DEBUG 16676 --- [           main] xjtu.dao.UserDao.removeUserById          : ==>  Preparing: delete from user where id = ?;
2025-05-20T13:49:48.424+08:00 DEBUG 16676 --- [           main] xjtu.dao.UserDao.removeUserById          : ==> Parameters: 10(Integer)
2025-05-20T13:49:48.437+08:00 DEBUG 16676 --- [           main] xjtu.dao.UserDao.removeUserById          : <==    Updates: 0
0
]]></system-out>
  </testcase>
  <testcase name="testUpdate" classname="xjtu.BackEndApplicationTests" time="0.005">
    <system-out><![CDATA[
]]></system-out>
  </testcase>
</testsuite>